# JRE version: OpenJDK Runtime Environment Temurin-21.0.10+7 (21.0.10+7) (build 21.0.10+7-LTS)
# Java VM: OpenJDK 64-Bit Server VM Temurin-21.0.10+7 (21.0.10+7-LTS, mixed mode, sharing, tiered, compressed oops, compressed class ptrs, g1 gc, windows-amd64)
GC Precious Log:
 CardTable entry size: 512
 Card Set container configuration: InlinePtr #cards 5 size 8 Array Of Cards #cards 12 size 40 Howl #buckets 4 coarsen threshold 1843 Howl Bitmap #cards 512 size 80 coarsen threshold 460 Card regions per heap region 1 cards per card region 2048
 CPUs: 12 total, 12 available
 Memory: 18277M
 Large Page Support: Disabled
 NUMA Support: Disabled
 Compressed Oops: Enabled (32-bit)
 Heap Region Size: 1M
 Heap Min Capacity: 256M
 Heap Initial Capacity: 256M
 Heap Max Capacity: 512M
 Pre-touch: Disabled
 Parallel Workers: 10
 Concurrent Workers: 3
 Concurrent Refinement Workers: 10
 Periodic GC: Disabled
Heap:
 garbage-first heap   total 290816K, used 265197K [0x00000000e0000000, 0x0000000100000000)
  region size 1024K, 142 young (145408K), 6 survivors (6144K)
 Metaspace       used 142497K, committed 144896K, reserved 458752K
  class space    used 18395K, committed 19584K, reserved 327680K
GC Heap History (20 events):
Event: 178.762 GC heap before
{Heap before GC invocations=111 (full 0):
 garbage-first heap   total 290816K, used 275031K [0x00000000e0000000, 0x0000000100000000)
  region size 1024K, 145 young (148480K), 8 survivors (8192K)
 Metaspace       used 139872K, committed 142272K, reserved 458752K
  class space    used 18191K, committed 19392K, reserved 327680K
}
Event: 178.769 GC heap after
{Heap after GC invocations=112 (full 0):
 garbage-first heap   total 290816K, used 137080K [0x00000000e0000000, 0x0000000100000000)
  region size 1024K, 10 young (10240K), 10 survivors (10240K)
 Metaspace       used 139872K, committed 142272K, reserved 458752K
  class space    used 18191K, committed 19392K, reserved 327680K
}
Event: 179.265 GC heap before
{Heap before GC invocations=112 (full 0):
 garbage-first heap   total 290816K, used 275320K [0x00000000e0000000, 0x0000000100000000)
  region size 1024K, 145 young (148480K), 10 survivors (10240K)
 Metaspace       used 139881K, committed 142272K, reserved 458752K
  class space    used 18191K, committed 19392K, reserved 327680K
}
Event: 179.270 GC heap after
{Heap after GC invocations=113 (full 0):
 garbage-first heap   total 290816K, used 130372K [0x00000000e0000000, 0x0000000100000000)
  region size 1024K, 4 young (4096K), 4 survivors (4096K)
 Metaspace       used 139881K, committed 142272K, reserved 458752K
  class space    used 18191K, committed 19392K, reserved 327680K
}
Event: 180.317 GC heap before
{Heap before GC invocations=113 (full 0):
 garbage-first heap   total 290816K, used 274756K [0x00000000e0000000, 0x0000000100000000)
  region size 1024K, 145 young (148480K), 4 survivors (4096K)
 Metaspace       used 140452K, committed 142848K, reserved 458752K
  class space    used 18258K, committed 19456K, reserved 327680K
}
Event: 180.324 GC heap after
{Heap after GC invocations=114 (full 0):
 garbage-first heap   total 290816K, used 131072K [0x00000000e0000000, 0x0000000100000000)
  region size 1024K, 4 young (4096K), 4 survivors (4096K)
 Metaspace       used 140452K, committed 142848K, reserved 458752K
  class space    used 18258K, committed 19456K, reserved 327680K
}
Event: 186.687 GC heap before
{Heap before GC invocations=114 (full 0):
 garbage-first heap   total 290816K, used 276480K [0x00000000e0000000, 0x0000000100000000)
  region size 1024K, 145 young (148480K), 4 survivors (4096K)
 Metaspace       used 141853K, committed 144192K, reserved 458752K
  class space    used 18362K, committed 19520K, reserved 327680K
}
Event: 186.695 GC heap after
{Heap after GC invocations=115 (full 0):
 garbage-first heap   total 290816K, used 132120K [0x00000000e0000000, 0x0000000100000000)
  region size 1024K, 6 young (6144K), 6 survivors (6144K)
 Metaspace       used 141853K, committed 144192K, reserved 458752K
  class space    used 18362K, committed 19520K, reserved 327680K
}
Event: 187.708 GC heap before
{Heap before GC invocations=115 (full 0):
 garbage-first heap   total 290816K, used 185368K [0x00000000e0000000, 0x0000000100000000)
  region size 1024K, 59 young (60416K), 6 survivors (6144K)
 Metaspace       used 141988K, committed 144320K, reserved 458752K
  class space    used 18379K, committed 19584K, reserved 327680K
}
Event: 187.717 GC heap after
{Heap after GC invocations=116 (full 0):
 garbage-first heap   total 290816K, used 133475K [0x00000000e0000000, 0x0000000100000000)
  region size 1024K, 7 young (7168K), 7 survivors (7168K)
 Metaspace       used 141988K, committed 144320K, reserved 458752K
  class space    used 18379K, committed 19584K, reserved 327680K
}
Event: 190.690 GC heap before
{Heap before GC invocations=117 (full 0):
 garbage-first heap   total 290816K, used 274787K [0x00000000e0000000, 0x0000000100000000)
  region size 1024K, 145 young (148480K), 7 survivors (7168K)
 Metaspace       used 142063K, committed 144448K, reserved 458752K
  class space    used 18383K, committed 19584K, reserved 327680K
}
Event: 190.697 GC heap after
{Heap after GC invocations=118 (full 0):
 garbage-first heap   total 290816K, used 132767K [0x00000000e0000000, 0x0000000100000000)
  region size 1024K, 6 young (6144K), 6 survivors (6144K)
 Metaspace       used 142063K, committed 144448K, reserved 458752K
  class space    used 18383K, committed 19584K, reserved 327680K
}
Event: 193.858 GC heap before
{Heap before GC invocations=118 (full 0):
 garbage-first heap   total 290816K, used 275103K [0x00000000e0000000, 0x0000000100000000)
  region size 1024K, 145 young (148480K), 6 survivors (6144K)
 Metaspace       used 142127K, committed 144512K, reserved 458752K
  class space    used 18383K, committed 19584K, reserved 327680K
}
Event: 193.867 GC heap after
{Heap after GC invocations=119 (full 0):
 garbage-first heap   total 290816K, used 128144K [0x00000000e0000000, 0x0000000100000000)
  region size 1024K, 6 young (6144K), 6 survivors (6144K)
 Metaspace       used 142127K, committed 144512K, reserved 458752K
  class space    used 18383K, committed 19584K, reserved 327680K
}
Event: 197.027 GC heap before
{Heap before GC invocations=119 (full 0):
 garbage-first heap   total 290816K, used 274576K [0x00000000e0000000, 0x0000000100000000)
  region size 1024K, 149 young (152576K), 6 survivors (6144K)
 Metaspace       used 142196K, committed 144640K, reserved 458752K
  class space    used 18387K, committed 19584K, reserved 327680K
}
Event: 197.034 GC heap after
{Heap after GC invocations=120 (full 0):
 garbage-first heap   total 290816K, used 128032K [0x00000000e0000000, 0x0000000100000000)
  region size 1024K, 6 young (6144K), 6 survivors (6144K)
 Metaspace       used 142196K, committed 144640K, reserved 458752K
  class space    used 18387K, committed 19584K, reserved 327680K
}
Event: 200.133 GC heap before
{Heap before GC invocations=120 (full 0):
 garbage-first heap   total 290816K, used 274464K [0x00000000e0000000, 0x0000000100000000)
  region size 1024K, 149 young (152576K), 6 survivors (6144K)
 Metaspace       used 142303K, committed 144704K, reserved 458752K
  class space    used 18390K, committed 19584K, reserved 327680K
}
Event: 200.141 GC heap after
{Heap after GC invocations=121 (full 0):
 garbage-first heap   total 290816K, used 129314K [0x00000000e0000000, 0x0000000100000000)
  region size 1024K, 7 young (7168K), 7 survivors (7168K)
 Metaspace       used 142303K, committed 144704K, reserved 458752K
  class space    used 18390K, committed 19584K, reserved 327680K
}
Event: 204.338 GC heap before
{Heap before GC invocations=122 (full 0):
 garbage-first heap   total 290816K, used 274722K [0x00000000e0000000, 0x0000000100000000)
  region size 1024K, 149 young (152576K), 7 survivors (7168K)
 Metaspace       used 142414K, committed 144768K, reserved 458752K
  class space    used 18394K, committed 19584K, reserved 327680K
}
Event: 204.348 GC heap after
{Heap after GC invocations=123 (full 0):
 garbage-first heap   total 290816K, used 127981K [0x00000000e0000000, 0x0000000100000000)
  region size 1024K, 6 young (6144K), 6 survivors (6144K)
 Metaspace       used 142414K, committed 144768K, reserved 458752K
  class space    used 18394K, committed 19584K, reserved 327680K
}

